CRITICAL - 2021-08-23 10:38:52 --> include(C:\xampp\htdocs\commercialwizard\app\Views/functions.php): failed to open stream: No such file or directory
#0 C:\xampp\htdocs\commercialwizard\app\Views\main_view.php(275): CodeIgniter\Debug\Exceptions->errorHandler(2, 'include(C:\\xamp...', 'C:\\xampp\\htdocs...', 275, Array)
#1 C:\xampp\htdocs\commercialwizard\app\Views\main_view.php(275): include()
#2 C:\xampp\htdocs\commercialwizard\system\View\View.php(230): include('C:\\xampp\\htdocs...')
#3 C:\xampp\htdocs\commercialwizard\system\View\View.php(232): CodeIgniter\View\View->CodeIgniter\View\{closure}()
#4 C:\xampp\htdocs\commercialwizard\system\Common.php(1271): CodeIgniter\View\View->render('main_view', Array, true)
#5 C:\xampp\htdocs\commercialwizard\app\Controllers\Home.php(9): view('main_view')
#6 C:\xampp\htdocs\commercialwizard\system\CodeIgniter.php(928): App\Controllers\Home->index()
#7 C:\xampp\htdocs\commercialwizard\system\CodeIgniter.php(436): CodeIgniter\CodeIgniter->runController(Object(App\Controllers\Home))
#8 C:\xampp\htdocs\commercialwizard\system\CodeIgniter.php(336): CodeIgniter\CodeIgniter->handleRequest(NULL, Object(Config\Cache), false)
#9 C:\xampp\htdocs\commercialwizard\public\index.php(37): CodeIgniter\CodeIgniter->run()
#10 {main}
CRITICAL - 2021-08-23 10:40:50 --> include(C:\xampp\htdocs\commercialwizard\app\Views/functions.php): failed to open stream: No such file or directory
#0 C:\xampp\htdocs\commercialwizard\app\Views\main_view.php(275): CodeIgniter\Debug\Exceptions->errorHandler(2, 'include(C:\\xamp...', 'C:\\xampp\\htdocs...', 275, Array)
#1 C:\xampp\htdocs\commercialwizard\app\Views\main_view.php(275): include()
#2 C:\xampp\htdocs\commercialwizard\system\View\View.php(230): include('C:\\xampp\\htdocs...')
#3 C:\xampp\htdocs\commercialwizard\system\View\View.php(232): CodeIgniter\View\View->CodeIgniter\View\{closure}()
#4 C:\xampp\htdocs\commercialwizard\system\Common.php(1271): CodeIgniter\View\View->render('main_view', Array, true)
#5 C:\xampp\htdocs\commercialwizard\app\Controllers\Home.php(9): view('main_view')
#6 C:\xampp\htdocs\commercialwizard\system\CodeIgniter.php(928): App\Controllers\Home->index()
#7 C:\xampp\htdocs\commercialwizard\system\CodeIgniter.php(436): CodeIgniter\CodeIgniter->runController(Object(App\Controllers\Home))
#8 C:\xampp\htdocs\commercialwizard\system\CodeIgniter.php(336): CodeIgniter\CodeIgniter->handleRequest(NULL, Object(Config\Cache), false)
#9 C:\xampp\htdocs\commercialwizard\public\index.php(37): CodeIgniter\CodeIgniter->run()
#10 {main}
CRITICAL - 2021-08-23 10:40:51 --> include(C:\xampp\htdocs\commercialwizard\app\Views/functions.php): failed to open stream: No such file or directory
#0 C:\xampp\htdocs\commercialwizard\app\Views\main_view.php(275): CodeIgniter\Debug\Exceptions->errorHandler(2, 'include(C:\\xamp...', 'C:\\xampp\\htdocs...', 275, Array)
#1 C:\xampp\htdocs\commercialwizard\app\Views\main_view.php(275): include()
#2 C:\xampp\htdocs\commercialwizard\system\View\View.php(230): include('C:\\xampp\\htdocs...')
#3 C:\xampp\htdocs\commercialwizard\system\View\View.php(232): CodeIgniter\View\View->CodeIgniter\View\{closure}()
#4 C:\xampp\htdocs\commercialwizard\system\Common.php(1271): CodeIgniter\View\View->render('main_view', Array, true)
#5 C:\xampp\htdocs\commercialwizard\app\Controllers\Home.php(9): view('main_view')
#6 C:\xampp\htdocs\commercialwizard\system\CodeIgniter.php(928): App\Controllers\Home->index()
#7 C:\xampp\htdocs\commercialwizard\system\CodeIgniter.php(436): CodeIgniter\CodeIgniter->runController(Object(App\Controllers\Home))
#8 C:\xampp\htdocs\commercialwizard\system\CodeIgniter.php(336): CodeIgniter\CodeIgniter->handleRequest(NULL, Object(Config\Cache), false)
#9 C:\xampp\htdocs\commercialwizard\public\index.php(37): CodeIgniter\CodeIgniter->run()
#10 {main}
CRITICAL - 2021-08-23 10:42:44 --> include(C:\xampp\htdocs\commercialwizard\app\Views/functions.php): failed to open stream: No such file or directory
#0 C:\xampp\htdocs\commercialwizard\app\Views\main_view.php(275): CodeIgniter\Debug\Exceptions->errorHandler(2, 'include(C:\\xamp...', 'C:\\xampp\\htdocs...', 275, Array)
#1 C:\xampp\htdocs\commercialwizard\app\Views\main_view.php(275): include()
#2 C:\xampp\htdocs\commercialwizard\system\View\View.php(230): include('C:\\xampp\\htdocs...')
#3 C:\xampp\htdocs\commercialwizard\system\View\View.php(232): CodeIgniter\View\View->CodeIgniter\View\{closure}()
#4 C:\xampp\htdocs\commercialwizard\system\Common.php(1271): CodeIgniter\View\View->render('main_view', Array, true)
#5 C:\xampp\htdocs\commercialwizard\app\Controllers\Home.php(9): view('main_view')
#6 C:\xampp\htdocs\commercialwizard\system\CodeIgniter.php(928): App\Controllers\Home->index()
#7 C:\xampp\htdocs\commercialwizard\system\CodeIgniter.php(436): CodeIgniter\CodeIgniter->runController(Object(App\Controllers\Home))
#8 C:\xampp\htdocs\commercialwizard\system\CodeIgniter.php(336): CodeIgniter\CodeIgniter->handleRequest(NULL, Object(Config\Cache), false)
#9 C:\xampp\htdocs\commercialwizard\public\index.php(37): CodeIgniter\CodeIgniter->run()
#10 {main}
CRITICAL - 2021-08-23 10:43:56 --> include(C:\xampp\htdocs\commercialwizard\app\Views/functions.php): failed to open stream: No such file or directory
#0 C:\xampp\htdocs\commercialwizard\app\Views\main_view.php(275): CodeIgniter\Debug\Exceptions->errorHandler(2, 'include(C:\\xamp...', 'C:\\xampp\\htdocs...', 275, Array)
#1 C:\xampp\htdocs\commercialwizard\app\Views\main_view.php(275): include()
#2 C:\xampp\htdocs\commercialwizard\system\View\View.php(230): include('C:\\xampp\\htdocs...')
#3 C:\xampp\htdocs\commercialwizard\system\View\View.php(232): CodeIgniter\View\View->CodeIgniter\View\{closure}()
#4 C:\xampp\htdocs\commercialwizard\system\Common.php(1271): CodeIgniter\View\View->render('main_view', Array, true)
#5 C:\xampp\htdocs\commercialwizard\app\Controllers\Home.php(9): view('main_view')
#6 C:\xampp\htdocs\commercialwizard\system\CodeIgniter.php(928): App\Controllers\Home->index()
#7 C:\xampp\htdocs\commercialwizard\system\CodeIgniter.php(436): CodeIgniter\CodeIgniter->runController(Object(App\Controllers\Home))
#8 C:\xampp\htdocs\commercialwizard\system\CodeIgniter.php(336): CodeIgniter\CodeIgniter->handleRequest(NULL, Object(Config\Cache), false)
#9 C:\xampp\htdocs\commercialwizard\public\index.php(37): CodeIgniter\CodeIgniter->run()
#10 {main}
CRITICAL - 2021-08-23 11:49:49 --> include(C:\xampp\htdocs\commercialwizard\app\Views/functions.php): failed to open stream: No such file or directory
#0 C:\xampp\htdocs\commercialwizard\app\Views\main_view.php(275): CodeIgniter\Debug\Exceptions->errorHandler(2, 'include(C:\\xamp...', 'C:\\xampp\\htdocs...', 275, Array)
#1 C:\xampp\htdocs\commercialwizard\app\Views\main_view.php(275): include()
#2 C:\xampp\htdocs\commercialwizard\system\View\View.php(230): include('C:\\xampp\\htdocs...')
#3 C:\xampp\htdocs\commercialwizard\system\View\View.php(232): CodeIgniter\View\View->CodeIgniter\View\{closure}()
#4 C:\xampp\htdocs\commercialwizard\system\Common.php(1271): CodeIgniter\View\View->render('main_view', Array, true)
#5 C:\xampp\htdocs\commercialwizard\app\Controllers\Home.php(9): view('main_view')
#6 C:\xampp\htdocs\commercialwizard\system\CodeIgniter.php(928): App\Controllers\Home->index()
#7 C:\xampp\htdocs\commercialwizard\system\CodeIgniter.php(436): CodeIgniter\CodeIgniter->runController(Object(App\Controllers\Home))
#8 C:\xampp\htdocs\commercialwizard\system\CodeIgniter.php(336): CodeIgniter\CodeIgniter->handleRequest(NULL, Object(Config\Cache), false)
#9 C:\xampp\htdocs\commercialwizard\public\index.php(37): CodeIgniter\CodeIgniter->run()
#10 {main}
CRITICAL - 2021-08-23 11:52:21 --> include(C:\xampp\htdocs\commercialwizard\app\Views/functions.php): failed to open stream: No such file or directory
#0 C:\xampp\htdocs\commercialwizard\app\Views\main_view.php(275): CodeIgniter\Debug\Exceptions->errorHandler(2, 'include(C:\\xamp...', 'C:\\xampp\\htdocs...', 275, Array)
#1 C:\xampp\htdocs\commercialwizard\app\Views\main_view.php(275): include()
#2 C:\xampp\htdocs\commercialwizard\system\View\View.php(230): include('C:\\xampp\\htdocs...')
#3 C:\xampp\htdocs\commercialwizard\system\View\View.php(232): CodeIgniter\View\View->CodeIgniter\View\{closure}()
#4 C:\xampp\htdocs\commercialwizard\system\Common.php(1271): CodeIgniter\View\View->render('main_view', Array, true)
#5 C:\xampp\htdocs\commercialwizard\app\Controllers\Home.php(9): view('main_view')
#6 C:\xampp\htdocs\commercialwizard\system\CodeIgniter.php(928): App\Controllers\Home->index()
#7 C:\xampp\htdocs\commercialwizard\system\CodeIgniter.php(436): CodeIgniter\CodeIgniter->runController(Object(App\Controllers\Home))
#8 C:\xampp\htdocs\commercialwizard\system\CodeIgniter.php(336): CodeIgniter\CodeIgniter->handleRequest(NULL, Object(Config\Cache), false)
#9 C:\xampp\htdocs\commercialwizard\public\index.php(37): CodeIgniter\CodeIgniter->run()
#10 {main}
CRITICAL - 2021-08-23 12:54:05 --> include(C:\xampp\htdocs\commercialwizard\app\Views/functions.php): failed to open stream: No such file or directory
#0 C:\xampp\htdocs\commercialwizard\app\Views\main_view.php(275): CodeIgniter\Debug\Exceptions->errorHandler(2, 'include(C:\\xamp...', 'C:\\xampp\\htdocs...', 275, Array)
#1 C:\xampp\htdocs\commercialwizard\app\Views\main_view.php(275): include()
#2 C:\xampp\htdocs\commercialwizard\system\View\View.php(230): include('C:\\xampp\\htdocs...')
#3 C:\xampp\htdocs\commercialwizard\system\View\View.php(232): CodeIgniter\View\View->CodeIgniter\View\{closure}()
#4 C:\xampp\htdocs\commercialwizard\system\Common.php(1271): CodeIgniter\View\View->render('main_view', Array, true)
#5 C:\xampp\htdocs\commercialwizard\app\Controllers\Home.php(9): view('main_view')
#6 C:\xampp\htdocs\commercialwizard\system\CodeIgniter.php(928): App\Controllers\Home->index()
#7 C:\xampp\htdocs\commercialwizard\system\CodeIgniter.php(436): CodeIgniter\CodeIgniter->runController(Object(App\Controllers\Home))
#8 C:\xampp\htdocs\commercialwizard\system\CodeIgniter.php(336): CodeIgniter\CodeIgniter->handleRequest(NULL, Object(Config\Cache), false)
#9 C:\xampp\htdocs\commercialwizard\public\index.php(37): CodeIgniter\CodeIgniter->run()
#10 {main}
