CRITICAL - 2021-08-30 09:55:44 --> Undefined property: CodeIgniter\View\View::$endSection
#0 C:\xampp\htdocs\commercialwizard\app\Views\main_view.php(319): CodeIgniter\Debug\Exceptions->errorHandler(8, 'Undefined prope...', 'C:\\xampp\\htdocs...', 319, Array)
#1 C:\xampp\htdocs\commercialwizard\system\View\View.php(230): include('C:\\xampp\\htdocs...')
#2 C:\xampp\htdocs\commercialwizard\system\View\View.php(232): CodeIgniter\View\View->CodeIgniter\View\{closure}()
#3 C:\xampp\htdocs\commercialwizard\system\Common.php(1271): CodeIgniter\View\View->render('main_view', Array, true)
#4 C:\xampp\htdocs\commercialwizard\app\Controllers\Home.php(15): view('main_view', Array)
#5 C:\xampp\htdocs\commercialwizard\system\CodeIgniter.php(928): App\Controllers\Home->index()
#6 C:\xampp\htdocs\commercialwizard\system\CodeIgniter.php(436): CodeIgniter\CodeIgniter->runController(Object(App\Controllers\Home))
#7 C:\xampp\htdocs\commercialwizard\system\CodeIgniter.php(336): CodeIgniter\CodeIgniter->handleRequest(NULL, Object(Config\Cache), false)
#8 C:\xampp\htdocs\commercialwizard\public\index.php(37): CodeIgniter\CodeIgniter->run()
#9 {main}
CRITICAL - 2021-08-30 12:37:00 --> syntax error, unexpected '$sauna_rooms' (T_VARIABLE), expecting '('
#0 C:\xampp\htdocs\commercialwizard\system\Autoloader\Autoloader.php(273): CodeIgniter\Autoloader\Autoloader->includeFile('C:\\xampp\\htdocs...')
#1 C:\xampp\htdocs\commercialwizard\system\Autoloader\Autoloader.php(247): CodeIgniter\Autoloader\Autoloader->loadInNamespace('App\\Controllers...')
#2 [internal function]: CodeIgniter\Autoloader\Autoloader->loadClass('App\\Controllers...')
#3 [internal function]: spl_autoload_call('App\\Controllers...')
#4 C:\xampp\htdocs\commercialwizard\system\CodeIgniter.php(885): class_exists('\\App\\Controller...', true)
#5 C:\xampp\htdocs\commercialwizard\system\CodeIgniter.php(421): CodeIgniter\CodeIgniter->startController()
#6 C:\xampp\htdocs\commercialwizard\system\CodeIgniter.php(336): CodeIgniter\CodeIgniter->handleRequest(NULL, Object(Config\Cache), false)
#7 C:\xampp\htdocs\commercialwizard\public\index.php(37): CodeIgniter\CodeIgniter->run()
#8 {main}
CRITICAL - 2021-08-30 12:37:20 --> syntax error, unexpected '$sauna_rooms' (T_VARIABLE), expecting '('
#0 C:\xampp\htdocs\commercialwizard\system\Autoloader\Autoloader.php(273): CodeIgniter\Autoloader\Autoloader->includeFile('C:\\xampp\\htdocs...')
#1 C:\xampp\htdocs\commercialwizard\system\Autoloader\Autoloader.php(247): CodeIgniter\Autoloader\Autoloader->loadInNamespace('App\\Controllers...')
#2 [internal function]: CodeIgniter\Autoloader\Autoloader->loadClass('App\\Controllers...')
#3 [internal function]: spl_autoload_call('App\\Controllers...')
#4 C:\xampp\htdocs\commercialwizard\system\CodeIgniter.php(885): class_exists('\\App\\Controller...', true)
#5 C:\xampp\htdocs\commercialwizard\system\CodeIgniter.php(421): CodeIgniter\CodeIgniter->startController()
#6 C:\xampp\htdocs\commercialwizard\system\CodeIgniter.php(336): CodeIgniter\CodeIgniter->handleRequest(NULL, Object(Config\Cache), false)
#7 C:\xampp\htdocs\commercialwizard\public\index.php(37): CodeIgniter\CodeIgniter->run()
#8 {main}
