CRITICAL - 2021-08-31 11:50:24 --> syntax error, unexpected '$heater_type' (T_VARIABLE)
#0 C:\xampp\htdocs\commercialwizard\system\Autoloader\Autoloader.php(273): CodeIgniter\Autoloader\Autoloader->includeFile('C:\\xampp\\htdocs...')
#1 C:\xampp\htdocs\commercialwizard\system\Autoloader\Autoloader.php(247): CodeIgniter\Autoloader\Autoloader->loadInNamespace('App\\Controllers...')
#2 [internal function]: CodeIgniter\Autoloader\Autoloader->loadClass('App\\Controllers...')
#3 [internal function]: spl_autoload_call('App\\Controllers...')
#4 C:\xampp\htdocs\commercialwizard\system\CodeIgniter.php(885): class_exists('\\App\\Controller...', true)
#5 C:\xampp\htdocs\commercialwizard\system\CodeIgniter.php(421): CodeIgniter\CodeIgniter->startController()
#6 C:\xampp\htdocs\commercialwizard\system\CodeIgniter.php(336): CodeIgniter\CodeIgniter->handleRequest(NULL, Object(Config\Cache), false)
#7 C:\xampp\htdocs\commercialwizard\public\index.php(37): CodeIgniter\CodeIgniter->run()
#8 {main}
CRITICAL - 2021-08-31 11:50:42 --> syntax error, unexpected 'return' (T_RETURN)
#0 C:\xampp\htdocs\commercialwizard\system\Autoloader\Autoloader.php(273): CodeIgniter\Autoloader\Autoloader->includeFile('C:\\xampp\\htdocs...')
#1 C:\xampp\htdocs\commercialwizard\system\Autoloader\Autoloader.php(247): CodeIgniter\Autoloader\Autoloader->loadInNamespace('App\\Controllers...')
#2 [internal function]: CodeIgniter\Autoloader\Autoloader->loadClass('App\\Controllers...')
#3 [internal function]: spl_autoload_call('App\\Controllers...')
#4 C:\xampp\htdocs\commercialwizard\system\CodeIgniter.php(885): class_exists('\\App\\Controller...', true)
#5 C:\xampp\htdocs\commercialwizard\system\CodeIgniter.php(421): CodeIgniter\CodeIgniter->startController()
#6 C:\xampp\htdocs\commercialwizard\system\CodeIgniter.php(336): CodeIgniter\CodeIgniter->handleRequest(NULL, Object(Config\Cache), false)
#7 C:\xampp\htdocs\commercialwizard\public\index.php(37): CodeIgniter\CodeIgniter->run()
#8 {main}
CRITICAL - 2021-08-31 13:24:36 --> Call to undefined function App\Controllers\createSaunas()
#0 C:\xampp\htdocs\commercialwizard\system\CodeIgniter.php(928): App\Controllers\Home->createProposal()
#1 C:\xampp\htdocs\commercialwizard\system\CodeIgniter.php(436): CodeIgniter\CodeIgniter->runController(Object(App\Controllers\Home))
#2 C:\xampp\htdocs\commercialwizard\system\CodeIgniter.php(336): CodeIgniter\CodeIgniter->handleRequest(NULL, Object(Config\Cache), false)
#3 C:\xampp\htdocs\commercialwizard\public\index.php(37): CodeIgniter\CodeIgniter->run()
#4 {main}
CRITICAL - 2021-08-31 13:25:38 --> Call to undefined function App\Controllers\createSaunas()
#0 C:\xampp\htdocs\commercialwizard\system\CodeIgniter.php(928): App\Controllers\Home->createProposal()
#1 C:\xampp\htdocs\commercialwizard\system\CodeIgniter.php(436): CodeIgniter\CodeIgniter->runController(Object(App\Controllers\Home))
#2 C:\xampp\htdocs\commercialwizard\system\CodeIgniter.php(336): CodeIgniter\CodeIgniter->handleRequest(NULL, Object(Config\Cache), false)
#3 C:\xampp\htdocs\commercialwizard\public\index.php(37): CodeIgniter\CodeIgniter->run()
#4 {main}
CRITICAL - 2021-08-31 13:25:50 --> Call to undefined function App\Controllers\createSaunas()
#0 C:\xampp\htdocs\commercialwizard\system\CodeIgniter.php(928): App\Controllers\Home->createProposal()
#1 C:\xampp\htdocs\commercialwizard\system\CodeIgniter.php(436): CodeIgniter\CodeIgniter->runController(Object(App\Controllers\Home))
#2 C:\xampp\htdocs\commercialwizard\system\CodeIgniter.php(336): CodeIgniter\CodeIgniter->handleRequest(NULL, Object(Config\Cache), false)
#3 C:\xampp\htdocs\commercialwizard\public\index.php(37): CodeIgniter\CodeIgniter->run()
#4 {main}
CRITICAL - 2021-08-31 13:26:43 --> Call to undefined function App\Controllers\createSaunas()
#0 C:\xampp\htdocs\commercialwizard\system\CodeIgniter.php(928): App\Controllers\Home->createProposal()
#1 C:\xampp\htdocs\commercialwizard\system\CodeIgniter.php(436): CodeIgniter\CodeIgniter->runController(Object(App\Controllers\Home))
#2 C:\xampp\htdocs\commercialwizard\system\CodeIgniter.php(336): CodeIgniter\CodeIgniter->handleRequest(NULL, Object(Config\Cache), false)
#3 C:\xampp\htdocs\commercialwizard\public\index.php(37): CodeIgniter\CodeIgniter->run()
#4 {main}
CRITICAL - 2021-08-31 13:27:17 --> Call to undefined function App\Controllers\createSaunas()
#0 C:\xampp\htdocs\commercialwizard\system\CodeIgniter.php(928): App\Controllers\Home->createProposal()
#1 C:\xampp\htdocs\commercialwizard\system\CodeIgniter.php(436): CodeIgniter\CodeIgniter->runController(Object(App\Controllers\Home))
#2 C:\xampp\htdocs\commercialwizard\system\CodeIgniter.php(336): CodeIgniter\CodeIgniter->handleRequest(NULL, Object(Config\Cache), false)
#3 C:\xampp\htdocs\commercialwizard\public\index.php(37): CodeIgniter\CodeIgniter->run()
#4 {main}
CRITICAL - 2021-08-31 13:28:06 --> Call to undefined function App\Controllers\createSaunas()
#0 C:\xampp\htdocs\commercialwizard\system\CodeIgniter.php(928): App\Controllers\Home->createProposal()
#1 C:\xampp\htdocs\commercialwizard\system\CodeIgniter.php(436): CodeIgniter\CodeIgniter->runController(Object(App\Controllers\Home))
#2 C:\xampp\htdocs\commercialwizard\system\CodeIgniter.php(336): CodeIgniter\CodeIgniter->handleRequest(NULL, Object(Config\Cache), false)
#3 C:\xampp\htdocs\commercialwizard\public\index.php(37): CodeIgniter\CodeIgniter->run()
#4 {main}
CRITICAL - 2021-08-31 13:29:36 --> Call to undefined function App\Controllers\createSaunas()
#0 C:\xampp\htdocs\commercialwizard\system\CodeIgniter.php(928): App\Controllers\Home->createProposal()
#1 C:\xampp\htdocs\commercialwizard\system\CodeIgniter.php(436): CodeIgniter\CodeIgniter->runController(Object(App\Controllers\Home))
#2 C:\xampp\htdocs\commercialwizard\system\CodeIgniter.php(336): CodeIgniter\CodeIgniter->handleRequest(NULL, Object(Config\Cache), false)
#3 C:\xampp\htdocs\commercialwizard\public\index.php(37): CodeIgniter\CodeIgniter->run()
#4 {main}
CRITICAL - 2021-08-31 13:36:39 --> Call to undefined function App\Controllers\inval()
#0 C:\xampp\htdocs\commercialwizard\app\Controllers\Home.php(45): App\Controllers\Home->createSaunas()
#1 C:\xampp\htdocs\commercialwizard\system\CodeIgniter.php(928): App\Controllers\Home->createProposal()
#2 C:\xampp\htdocs\commercialwizard\system\CodeIgniter.php(436): CodeIgniter\CodeIgniter->runController(Object(App\Controllers\Home))
#3 C:\xampp\htdocs\commercialwizard\system\CodeIgniter.php(336): CodeIgniter\CodeIgniter->handleRequest(NULL, Object(Config\Cache), false)
#4 C:\xampp\htdocs\commercialwizard\public\index.php(37): CodeIgniter\CodeIgniter->run()
#5 {main}
CRITICAL - 2021-08-31 13:37:52 --> Class 'App\Models\Sauna' not found
#0 C:\xampp\htdocs\commercialwizard\app\Controllers\Home.php(45): App\Controllers\Home->createSaunas()
#1 C:\xampp\htdocs\commercialwizard\system\CodeIgniter.php(928): App\Controllers\Home->createProposal()
#2 C:\xampp\htdocs\commercialwizard\system\CodeIgniter.php(436): CodeIgniter\CodeIgniter->runController(Object(App\Controllers\Home))
#3 C:\xampp\htdocs\commercialwizard\system\CodeIgniter.php(336): CodeIgniter\CodeIgniter->handleRequest(NULL, Object(Config\Cache), false)
#4 C:\xampp\htdocs\commercialwizard\public\index.php(37): CodeIgniter\CodeIgniter->run()
#5 {main}
CRITICAL - 2021-08-31 13:39:03 --> Class 'app\Controllers\BaseController' not found
#0 C:\xampp\htdocs\commercialwizard\system\Autoloader\Autoloader.php(300): include_once()
#1 C:\xampp\htdocs\commercialwizard\system\Autoloader\Autoloader.php(273): CodeIgniter\Autoloader\Autoloader->includeFile('C:\\xampp\\htdocs...')
#2 C:\xampp\htdocs\commercialwizard\system\Autoloader\Autoloader.php(247): CodeIgniter\Autoloader\Autoloader->loadInNamespace('App\\Controllers...')
#3 [internal function]: CodeIgniter\Autoloader\Autoloader->loadClass('App\\Controllers...')
#4 [internal function]: spl_autoload_call('App\\Controllers...')
#5 C:\xampp\htdocs\commercialwizard\system\CodeIgniter.php(885): class_exists('\\App\\Controller...', true)
#6 C:\xampp\htdocs\commercialwizard\system\CodeIgniter.php(421): CodeIgniter\CodeIgniter->startController()
#7 C:\xampp\htdocs\commercialwizard\system\CodeIgniter.php(336): CodeIgniter\CodeIgniter->handleRequest(NULL, Object(Config\Cache), false)
#8 C:\xampp\htdocs\commercialwizard\public\index.php(37): CodeIgniter\CodeIgniter->run()
#9 {main}
CRITICAL - 2021-08-31 13:39:15 --> Class 'app\Controllers\BaseController' not found
#0 C:\xampp\htdocs\commercialwizard\system\Autoloader\Autoloader.php(300): include_once()
#1 C:\xampp\htdocs\commercialwizard\system\Autoloader\Autoloader.php(273): CodeIgniter\Autoloader\Autoloader->includeFile('C:\\xampp\\htdocs...')
#2 C:\xampp\htdocs\commercialwizard\system\Autoloader\Autoloader.php(247): CodeIgniter\Autoloader\Autoloader->loadInNamespace('App\\Controllers...')
#3 [internal function]: CodeIgniter\Autoloader\Autoloader->loadClass('App\\Controllers...')
#4 [internal function]: spl_autoload_call('App\\Controllers...')
#5 C:\xampp\htdocs\commercialwizard\system\CodeIgniter.php(885): class_exists('\\App\\Controller...', true)
#6 C:\xampp\htdocs\commercialwizard\system\CodeIgniter.php(421): CodeIgniter\CodeIgniter->startController()
#7 C:\xampp\htdocs\commercialwizard\system\CodeIgniter.php(336): CodeIgniter\CodeIgniter->handleRequest(NULL, Object(Config\Cache), false)
#8 C:\xampp\htdocs\commercialwizard\public\index.php(37): CodeIgniter\CodeIgniter->run()
#9 {main}
CRITICAL - 2021-08-31 13:39:36 --> Class 'app\Models\Sauna' not found
#0 C:\xampp\htdocs\commercialwizard\app\Controllers\Home.php(45): App\Controllers\Home->createSaunas()
#1 C:\xampp\htdocs\commercialwizard\system\CodeIgniter.php(928): App\Controllers\Home->createProposal()
#2 C:\xampp\htdocs\commercialwizard\system\CodeIgniter.php(436): CodeIgniter\CodeIgniter->runController(Object(App\Controllers\Home))
#3 C:\xampp\htdocs\commercialwizard\system\CodeIgniter.php(336): CodeIgniter\CodeIgniter->handleRequest(NULL, Object(Config\Cache), false)
#4 C:\xampp\htdocs\commercialwizard\public\index.php(37): CodeIgniter\CodeIgniter->run()
#5 {main}
CRITICAL - 2021-08-31 13:44:55 --> Class 'app\Models\Sauna' not found
#0 C:\xampp\htdocs\commercialwizard\app\Controllers\Home.php(45): App\Controllers\Home->createSaunas()
#1 C:\xampp\htdocs\commercialwizard\system\CodeIgniter.php(928): App\Controllers\Home->createProposal()
#2 C:\xampp\htdocs\commercialwizard\system\CodeIgniter.php(436): CodeIgniter\CodeIgniter->runController(Object(App\Controllers\Home))
#3 C:\xampp\htdocs\commercialwizard\system\CodeIgniter.php(336): CodeIgniter\CodeIgniter->handleRequest(NULL, Object(Config\Cache), false)
#4 C:\xampp\htdocs\commercialwizard\public\index.php(37): CodeIgniter\CodeIgniter->run()
#5 {main}
CRITICAL - 2021-08-31 13:45:10 --> Class 'app\Models\Sauna' not found
#0 C:\xampp\htdocs\commercialwizard\app\Controllers\Home.php(45): App\Controllers\Home->createSaunas()
#1 C:\xampp\htdocs\commercialwizard\system\CodeIgniter.php(928): App\Controllers\Home->createProposal()
#2 C:\xampp\htdocs\commercialwizard\system\CodeIgniter.php(436): CodeIgniter\CodeIgniter->runController(Object(App\Controllers\Home))
#3 C:\xampp\htdocs\commercialwizard\system\CodeIgniter.php(336): CodeIgniter\CodeIgniter->handleRequest(NULL, Object(Config\Cache), false)
#4 C:\xampp\htdocs\commercialwizard\public\index.php(37): CodeIgniter\CodeIgniter->run()
#5 {main}
CRITICAL - 2021-08-31 13:45:18 --> Class 'app\Models\Sauna' not found
#0 C:\xampp\htdocs\commercialwizard\app\Controllers\Home.php(45): App\Controllers\Home->createSaunas()
#1 C:\xampp\htdocs\commercialwizard\system\CodeIgniter.php(928): App\Controllers\Home->createProposal()
#2 C:\xampp\htdocs\commercialwizard\system\CodeIgniter.php(436): CodeIgniter\CodeIgniter->runController(Object(App\Controllers\Home))
#3 C:\xampp\htdocs\commercialwizard\system\CodeIgniter.php(336): CodeIgniter\CodeIgniter->handleRequest(NULL, Object(Config\Cache), false)
#4 C:\xampp\htdocs\commercialwizard\public\index.php(37): CodeIgniter\CodeIgniter->run()
#5 {main}
CRITICAL - 2021-08-31 13:48:14 --> Class 'app\Models\Sauna' not found
#0 C:\xampp\htdocs\commercialwizard\app\Controllers\Home.php(45): App\Controllers\Home->createSaunas()
#1 C:\xampp\htdocs\commercialwizard\system\CodeIgniter.php(928): App\Controllers\Home->createProposal()
#2 C:\xampp\htdocs\commercialwizard\system\CodeIgniter.php(436): CodeIgniter\CodeIgniter->runController(Object(App\Controllers\Home))
#3 C:\xampp\htdocs\commercialwizard\system\CodeIgniter.php(336): CodeIgniter\CodeIgniter->handleRequest(NULL, Object(Config\Cache), false)
#4 C:\xampp\htdocs\commercialwizard\public\index.php(37): CodeIgniter\CodeIgniter->run()
#5 {main}
CRITICAL - 2021-08-31 13:48:40 --> Class 'app\Models\Sauna' not found
#0 C:\xampp\htdocs\commercialwizard\app\Controllers\Home.php(45): App\Controllers\Home->createSaunas()
#1 C:\xampp\htdocs\commercialwizard\system\CodeIgniter.php(928): App\Controllers\Home->createProposal()
#2 C:\xampp\htdocs\commercialwizard\system\CodeIgniter.php(436): CodeIgniter\CodeIgniter->runController(Object(App\Controllers\Home))
#3 C:\xampp\htdocs\commercialwizard\system\CodeIgniter.php(336): CodeIgniter\CodeIgniter->handleRequest(NULL, Object(Config\Cache), false)
#4 C:\xampp\htdocs\commercialwizard\public\index.php(37): CodeIgniter\CodeIgniter->run()
#5 {main}
CRITICAL - 2021-08-31 13:48:55 --> Undefined variable: length
#0 C:\xampp\htdocs\commercialwizard\app\Controllers\Home.php(163): CodeIgniter\Debug\Exceptions->errorHandler(8, 'Undefined varia...', 'C:\\xampp\\htdocs...', 163, Array)
#1 C:\xampp\htdocs\commercialwizard\app\Controllers\Home.php(45): App\Controllers\Home->createSaunas()
#2 C:\xampp\htdocs\commercialwizard\system\CodeIgniter.php(928): App\Controllers\Home->createProposal()
#3 C:\xampp\htdocs\commercialwizard\system\CodeIgniter.php(436): CodeIgniter\CodeIgniter->runController(Object(App\Controllers\Home))
#4 C:\xampp\htdocs\commercialwizard\system\CodeIgniter.php(336): CodeIgniter\CodeIgniter->handleRequest(NULL, Object(Config\Cache), false)
#5 C:\xampp\htdocs\commercialwizard\public\index.php(37): CodeIgniter\CodeIgniter->run()
#6 {main}
CRITICAL - 2021-08-31 13:49:14 --> Undefined variable: length
#0 C:\xampp\htdocs\commercialwizard\app\Controllers\Home.php(163): CodeIgniter\Debug\Exceptions->errorHandler(8, 'Undefined varia...', 'C:\\xampp\\htdocs...', 163, Array)
#1 C:\xampp\htdocs\commercialwizard\app\Controllers\Home.php(45): App\Controllers\Home->createSaunas()
#2 C:\xampp\htdocs\commercialwizard\system\CodeIgniter.php(928): App\Controllers\Home->createProposal()
#3 C:\xampp\htdocs\commercialwizard\system\CodeIgniter.php(436): CodeIgniter\CodeIgniter->runController(Object(App\Controllers\Home))
#4 C:\xampp\htdocs\commercialwizard\system\CodeIgniter.php(336): CodeIgniter\CodeIgniter->handleRequest(NULL, Object(Config\Cache), false)
#5 C:\xampp\htdocs\commercialwizard\public\index.php(37): CodeIgniter\CodeIgniter->run()
#6 {main}
CRITICAL - 2021-08-31 13:50:47 --> Too few arguments to function App\Models\Sauna::__construct(), 9 passed in C:\xampp\htdocs\commercialwizard\app\Controllers\Home.php on line 163 and exactly 16 expected
#0 C:\xampp\htdocs\commercialwizard\app\Controllers\Home.php(163): App\Models\Sauna->__construct(0, 0, 0, 'PC00-0', 'electric', 450, '3 KW', NULL, 0)
#1 C:\xampp\htdocs\commercialwizard\app\Controllers\Home.php(45): App\Controllers\Home->createSaunas()
#2 C:\xampp\htdocs\commercialwizard\system\CodeIgniter.php(928): App\Controllers\Home->createProposal()
#3 C:\xampp\htdocs\commercialwizard\system\CodeIgniter.php(436): CodeIgniter\CodeIgniter->runController(Object(App\Controllers\Home))
#4 C:\xampp\htdocs\commercialwizard\system\CodeIgniter.php(336): CodeIgniter\CodeIgniter->handleRequest(NULL, Object(Config\Cache), false)
#5 C:\xampp\htdocs\commercialwizard\public\index.php(37): CodeIgniter\CodeIgniter->run()
#6 {main}
CRITICAL - 2021-08-31 14:06:59 --> Too few arguments to function App\Models\Sauna::__construct(), 9 passed in C:\xampp\htdocs\commercialwizard\app\Controllers\Home.php on line 163 and exactly 10 expected
#0 C:\xampp\htdocs\commercialwizard\app\Controllers\Home.php(163): App\Models\Sauna->__construct(0, 0, 0, 'PC00-0', 'electric', 450, '3 KW', NULL, 0)
#1 C:\xampp\htdocs\commercialwizard\app\Controllers\Home.php(45): App\Controllers\Home->createSaunas()
#2 C:\xampp\htdocs\commercialwizard\system\CodeIgniter.php(928): App\Controllers\Home->createProposal()
#3 C:\xampp\htdocs\commercialwizard\system\CodeIgniter.php(436): CodeIgniter\CodeIgniter->runController(Object(App\Controllers\Home))
#4 C:\xampp\htdocs\commercialwizard\system\CodeIgniter.php(336): CodeIgniter\CodeIgniter->handleRequest(NULL, Object(Config\Cache), false)
#5 C:\xampp\htdocs\commercialwizard\public\index.php(37): CodeIgniter\CodeIgniter->run()
#6 {main}
